[0.022s] Invoking command in '/home/etdisc/ros2_ws/src/target_tracking/control_pkg/build/control_pkg': CMAKE_PREFIX_PATH=${CMAKE_PREFIX_PATH}:/opt/ros/humble /usr/bin/cmake --build /home/etdisc/ros2_ws/src/target_tracking/control_pkg/build/control_pkg -- -j8 -l8
[0.107s] [35m[1mConsolidate compiler generated dependencies of target control_node[0m
[0.144s] [ 50%] [32mBuilding CXX object CMakeFiles/control_node.dir/src/control_node.cpp.o[0m
[3.744s] [01m[K/home/etdisc/ros2_ws/src/target_tracking/control_pkg/src/control_node.cpp:[m[K In member function â€˜[01m[Kvoid ControlNode::detection_callback(const Point&)[m[Kâ€™:
[3.744s] [01m[K/home/etdisc/ros2_ws/src/target_tracking/control_pkg/src/control_node.cpp:28:20:[m[K [01;31m[Kerror: [m[Kcannot convert â€˜[01m[Kconst _x_type[m[Kâ€™ {aka â€˜[01m[Kconst double[m[Kâ€™} to â€˜[01m[Kconst char*[m[Kâ€™
[3.744s]    28 |       printf([01;31m[Kpoint.x[m[K);
[3.744s]       |              [01;31m[K~~~~~~^[m[K
[3.744s]       |                    [01;31m[K|[m[K
[3.744s]       |                    [01;31m[Kconst _x_type {aka const double}[m[K
[3.744s] In file included from [01m[K/usr/include/c++/11/cstdio:42[m[K,
[3.744s]                  from [01m[K/usr/include/c++/11/ext/string_conversions.h:43[m[K,
[3.745s]                  from [01m[K/usr/include/c++/11/bits/basic_string.h:6608[m[K,
[3.745s]                  from [01m[K/usr/include/c++/11/string:55[m[K,
[3.745s]                  from [01m[K/usr/include/c++/11/stdexcept:39[m[K,
[3.745s]                  from [01m[K/usr/include/c++/11/system_error:41[m[K,
[3.745s]                  from [01m[K/usr/include/c++/11/mutex:42[m[K,
[3.745s]                  from [01m[K/usr/include/c++/11/future:38[m[K,
[3.745s]                  from [01m[K/opt/ros/humble/include/rclcpp/rclcpp/executors.hpp:18[m[K,
[3.745s]                  from [01m[K/opt/ros/humble/include/rclcpp/rclcpp/rclcpp.hpp:155[m[K,
[3.745s]                  from [01m[K/home/etdisc/ros2_ws/src/target_tracking/control_pkg/src/control_node.cpp:4[m[K:
[3.749s] [01m[K/usr/include/stdio.h:356:43:[m[K [01;36m[Knote: [m[K  initializing argument 1 of â€˜[01m[Kint printf(const char*, ...)[m[Kâ€™
[3.750s]   356 | extern int printf ([01;36m[Kconst char *__restrict __format[m[K, ...);
[3.750s]       |                    [01;36m[K~~~~~~~~~~~~~~~~~~~~~~~^~~~~~~~[m[K
[7.369s] gmake[2]: *** [CMakeFiles/control_node.dir/build.make:76 : CMakeFiles/control_node.dir/src/control_node.cpp.o] Erreur 1
[7.370s] gmake[1]: *** [CMakeFiles/Makefile2:137 : CMakeFiles/control_node.dir/all] Erreur 2
[7.370s] gmake: *** [Makefile:146 : all] Erreur 2
[7.373s] Invoked command in '/home/etdisc/ros2_ws/src/target_tracking/control_pkg/build/control_pkg' returned '2': CMAKE_PREFIX_PATH=${CMAKE_PREFIX_PATH}:/opt/ros/humble /usr/bin/cmake --build /home/etdisc/ros2_ws/src/target_tracking/control_pkg/build/control_pkg -- -j8 -l8
