[0.025s] Invoking command in '/home/etdisc/ros2_ws/src/target_tracking/control_pkg/build/control_pkg': CMAKE_PREFIX_PATH=${CMAKE_PREFIX_PATH}:/opt/ros/humble /usr/bin/cmake --build /home/etdisc/ros2_ws/src/target_tracking/control_pkg/build/control_pkg -- -j8 -l8
[0.112s] [35m[1mConsolidate compiler generated dependencies of target control_node[0m
[0.148s] [ 50%] [32mBuilding CXX object CMakeFiles/control_node.dir/src/control_node.cpp.o[0m
[3.818s] [01m[K/home/etdisc/ros2_ws/src/target_tracking/control_pkg/src/control_node.cpp:[m[K In member function â€˜[01m[Kvoid ControlNode::detection_callback(const Point&)[m[Kâ€™:
[3.818s] [01m[K/home/etdisc/ros2_ws/src/target_tracking/control_pkg/src/control_node.cpp:28:14:[m[K [01;31m[Kerror: [m[Kinvalid type argument of unary â€˜[01m[K*[m[Kâ€™ (have â€˜[01m[Kgeometry_msgs::msg::Point_<std::allocator<void> >::_x_type[m[Kâ€™ {aka â€˜[01m[Kdouble[m[Kâ€™})
[3.818s]    28 |       printf([01;31m[K*(point).x[m[K);
[3.818s]       |              [01;31m[K^~~~~~~~~~[m[K
[7.513s] gmake[2]: *** [CMakeFiles/control_node.dir/build.make:76 : CMakeFiles/control_node.dir/src/control_node.cpp.o] Erreur 1
[7.513s] gmake[1]: *** [CMakeFiles/Makefile2:137 : CMakeFiles/control_node.dir/all] Erreur 2
[7.514s] gmake: *** [Makefile:146 : all] Erreur 2
[7.517s] Invoked command in '/home/etdisc/ros2_ws/src/target_tracking/control_pkg/build/control_pkg' returned '2': CMAKE_PREFIX_PATH=${CMAKE_PREFIX_PATH}:/opt/ros/humble /usr/bin/cmake --build /home/etdisc/ros2_ws/src/target_tracking/control_pkg/build/control_pkg -- -j8 -l8
