[35m[1mConsolidate compiler generated dependencies of target control_node[0m
[ 50%] [32mBuilding CXX object CMakeFiles/control_node.dir/src/control_node.cpp.o[0m
[01m[K/home/etdisc/ros2_ws/src/target_tracking/control_pkg/src/control_node.cpp:[m[K In member function â€˜[01m[Kvoid ControlNode::detection_callback(const Point&)[m[Kâ€™:
[01m[K/home/etdisc/ros2_ws/src/target_tracking/control_pkg/src/control_node.cpp:28:14:[m[K [01;31m[Kerror: [m[Kno match for â€˜[01m[Koperator*[m[Kâ€™ (operand type is â€˜[01m[Kconst Point[m[Kâ€™ {aka â€˜[01m[Kconst geometry_msgs::msg::Point_<std::allocator<void> >[m[Kâ€™})
   28 |       printf([01;31m[K*(point)[m[K);
      |              [01;31m[K^~~~~~~~[m[K
gmake[2]: *** [CMakeFiles/control_node.dir/build.make:76 : CMakeFiles/control_node.dir/src/control_node.cpp.o] Erreur 1
gmake[1]: *** [CMakeFiles/Makefile2:137 : CMakeFiles/control_node.dir/all] Erreur 2
gmake: *** [Makefile:146 : all] Erreur 2
